<?xml version="1.0" encoding="UTF-8"?>
<testng-results skipped="0" failed="0" ignored="0" total="1" passed="1">
  <reporter-output>
  </reporter-output>
  <suite name="Suite" duration-ms="66219" started-at="2019-03-11T15:39:20Z" finished-at="2019-03-11T15:40:27Z">
    <groups>
    </groups>
    <test name="test" duration-ms="66219" started-at="2019-03-11T15:39:20Z" finished-at="2019-03-11T15:40:27Z">
      <class name="TestAutomationMain.EBayTestMain">
        <test-method status="PASS" signature="initialisation()[pri:0, instance:TestAutomationMain.EBayTestMain@4e1d422d]" name="initialisation" is-config="true" duration-ms="4546" started-at="2019-03-11T21:09:20Z" finished-at="2019-03-11T21:09:25Z">
          <reporter-output>
          </reporter-output>
        </test-method> <!-- initialisation -->
        <test-method status="PASS" signature="execution()[pri:0, instance:TestAutomationMain.EBayTestMain@4e1d422d]" name="execution" duration-ms="59567" started-at="2019-03-11T21:09:25Z" finished-at="2019-03-11T21:10:24Z">
          <reporter-output>
          </reporter-output>
        </test-method> <!-- execution -->
        <test-method status="PASS" signature="cleanUp()[pri:0, instance:TestAutomationMain.EBayTestMain@4e1d422d]" name="cleanUp" is-config="true" duration-ms="2085" started-at="2019-03-11T21:10:24Z" finished-at="2019-03-11T21:10:27Z">
          <reporter-output>
          </reporter-output>
        </test-method> <!-- cleanUp -->
      </class> <!-- TestAutomationMain.EBayTestMain -->
    </test> <!-- test -->
  </suite> <!-- Suite -->
</testng-results>
